<?xml version="1.0" encoding="UTF-8"?>
<coverage generated="1684035948445" clover="3.2.0">
  <project timestamp="1684035948445" name="All files">
    <metrics statements="15" coveredstatements="5" conditionals="4" coveredconditionals="1" methods="8" coveredmethods="3" elements="27" coveredelements="9" complexity="0" loc="15" ncloc="15" packages="1" files="1" classes="1"/>
    <file name="shapes.js" path="C:\Users\nafbe\Bootcamp\oop-svg-logo-maker-challenge10\svg-logo-maker\lib\shapes.js">
      <metrics statements="15" coveredstatements="5" conditionals="4" coveredconditionals="1" methods="8" coveredmethods="3"/>
      <line num="100" count="0" type="stmt"/>
      <line num="101" count="0" type="stmt"/>
      <line num="102" count="0" type="stmt"/>
      <line num="106" count="1" type="cond" truecount="1" falsecount="1"/>
      <line num="107" count="1" type="stmt"/>
      <line num="112" count="0" type="cond" truecount="0" falsecount="2"/>
      <line num="113" count="0" type="stmt"/>
      <line num="120" count="0" type="stmt"/>
      <line num="129" count="1" type="stmt"/>
      <line num="131" count="1" type="stmt"/>
      <line num="137" count="0" type="stmt"/>
      <line num="139" count="0" type="stmt"/>
      <line num="145" count="0" type="stmt"/>
      <line num="147" count="0" type="stmt"/>
      <line num="152" count="1" type="stmt"/>
    </file>
  </project>
</coverage>
