{"C:\\Users\\nafbe\\Bootcamp\\oop-svg-logo-maker-challenge10\\svg-logo-maker\\lib\\shapes.js": {"path":"C:\\Users\\nafbe\\Bootcamp\\oop-svg-logo-maker-challenge10\\svg-logo-maker\\lib\\shapes.js","statementMap":{"0":{"start":{"line":100,"column":4},"end":{"line":100,"column":31}},"1":{"start":{"line":101,"column":4},"end":{"line":101,"column":33}},"2":{"start":{"line":102,"column":4},"end":{"line":102,"column":28}},"3":{"start":{"line":106,"column":4},"end":{"line":125,"column":5}},"4":{"start":{"line":107,"column":6},"end":{"line":111,"column":16}},"5":{"start":{"line":112,"column":11},"end":{"line":125,"column":5}},"6":{"start":{"line":113,"column":6},"end":{"line":118,"column":16}},"7":{"start":{"line":120,"column":6},"end":{"line":124,"column":16}},"8":{"start":{"line":129,"column":4},"end":{"line":133,"column":6}},"9":{"start":{"line":131,"column":8},"end":{"line":131,"column":65}},"10":{"start":{"line":137,"column":4},"end":{"line":141,"column":6}},"11":{"start":{"line":139,"column":8},"end":{"line":139,"column":67}},"12":{"start":{"line":145,"column":4},"end":{"line":149,"column":6}},"13":{"start":{"line":147,"column":8},"end":{"line":147,"column":65}},"14":{"start":{"line":152,"column":2},"end":{"line":157,"column":4}}},"fnMap":{"0":{"name":"Shapes","decl":{"start":{"line":99,"column":9},"end":{"line":99,"column":15}},"loc":{"start":{"line":99,"column":49},"end":{"line":103,"column":3}},"line":99},"1":{"name":"render","decl":{"start":{"line":105,"column":11},"end":{"line":105,"column":17}},"loc":{"start":{"line":105,"column":58},"end":{"line":126,"column":3}},"line":105},"2":{"name":"Circle","decl":{"start":{"line":128,"column":11},"end":{"line":128,"column":17}},"loc":{"start":{"line":128,"column":41},"end":{"line":134,"column":3}},"line":128},"3":{"name":"(anonymous_3)","decl":{"start":{"line":130,"column":14},"end":{"line":130,"column":15}},"loc":{"start":{"line":130,"column":34},"end":{"line":132,"column":7}},"line":130},"4":{"name":"Triangle","decl":{"start":{"line":136,"column":11},"end":{"line":136,"column":19}},"loc":{"start":{"line":136,"column":43},"end":{"line":142,"column":3}},"line":136},"5":{"name":"(anonymous_5)","decl":{"start":{"line":138,"column":14},"end":{"line":138,"column":15}},"loc":{"start":{"line":138,"column":34},"end":{"line":140,"column":7}},"line":138},"6":{"name":"Square","decl":{"start":{"line":144,"column":11},"end":{"line":144,"column":17}},"loc":{"start":{"line":144,"column":41},"end":{"line":150,"column":3}},"line":144},"7":{"name":"(anonymous_7)","decl":{"start":{"line":146,"column":14},"end":{"line":146,"column":15}},"loc":{"start":{"line":146,"column":34},"end":{"line":148,"column":7}},"line":146}},"branchMap":{"0":{"loc":{"start":{"line":106,"column":4},"end":{"line":125,"column":5}},"type":"if","locations":[{"start":{"line":106,"column":4},"end":{"line":125,"column":5}},{"start":{"line":112,"column":11},"end":{"line":125,"column":5}}],"line":106},"1":{"loc":{"start":{"line":112,"column":11},"end":{"line":125,"column":5}},"type":"if","locations":[{"start":{"line":112,"column":11},"end":{"line":125,"column":5}},{"start":{"line":119,"column":11},"end":{"line":125,"column":5}}],"line":112}},"s":{"0":0,"1":0,"2":0,"3":1,"4":1,"5":0,"6":0,"7":0,"8":1,"9":1,"10":0,"11":0,"12":0,"13":0,"14":1},"f":{"0":0,"1":1,"2":1,"3":1,"4":0,"5":0,"6":0,"7":0},"b":{"0":[1,0],"1":[0,0]},"_coverageSchema":"1a1c01bbd47fc00a2c39e90264f33305004495a9","hash":"0d39e4a9e6ba637ae66bb564734c7e96d10efd95"}
}
