TN:
SF:lib\shapes.js
FN:99,Shapes
FN:105,render
FN:128,Circle
FN:130,(anonymous_3)
FN:136,Triangle
FN:138,(anonymous_5)
FN:144,Square
FN:146,(anonymous_7)
FNF:8
FNH:3
FNDA:0,Shapes
FNDA:1,render
FNDA:1,Circle
FNDA:1,(anonymous_3)
FNDA:0,Triangle
FNDA:0,(anonymous_5)
FNDA:0,Square
FNDA:0,(anonymous_7)
DA:100,0
DA:101,0
DA:102,0
DA:106,1
DA:107,1
DA:112,0
DA:113,0
DA:120,0
DA:129,1
DA:131,1
DA:137,0
DA:139,0
DA:145,0
DA:147,0
DA:152,1
LF:15
LH:5
BRDA:106,0,0,1
BRDA:106,0,1,0
BRDA:112,1,0,0
BRDA:112,1,1,0
BRF:4
BRH:1
end_of_record
